[10:27:05:476] [ERROR] - org.springframework.boot.context.logging.LoggingApplicationListener.setLogLevel(LoggingApplicationListener.java:317) - Cannot set level: .server.mapper=info for 'com.dc.acquisition.model'
[10:27:05:604] [INFO] - org.springframework.boot.StartupInfoLogger.logStarting(StartupInfoLogger.java:50) - Starting DataAcquisitionApplication on yuhaodeMacBook-Pro.local with PID 963 (/Users/yuhao/eclipse-workspace/data-acquisition/target/classes started by yuhao in /Users/yuhao/eclipse-workspace/data-acquisition)
[10:27:05:610] [INFO] - org.springframework.boot.SpringApplication.logStartupProfileInfo(SpringApplication.java:662) - No active profile set, falling back to default profiles: default
[10:27:06:395] [INFO] - com.ulisesbocchio.jasyptspringboot.configuration.EnableEncryptablePropertiesBeanFactoryPostProcessor.postProcessBeanFactory(EnableEncryptablePropertiesBeanFactoryPostProcessor.java:48) - Post-processing PropertySource instances
[10:27:06:450] [INFO] - com.ulisesbocchio.jasyptspringboot.EncryptablePropertySourceConverter.makeEncryptable(EncryptablePropertySourceConverter.java:38) - Converting PropertySource configurationProperties [org.springframework.boot.context.properties.source.ConfigurationPropertySourcesPropertySource] to AOP Proxy
[10:27:06:451] [INFO] - com.ulisesbocchio.jasyptspringboot.EncryptablePropertySourceConverter.makeEncryptable(EncryptablePropertySourceConverter.java:38) - Converting PropertySource servletConfigInitParams [org.springframework.core.env.PropertySource$StubPropertySource] to EncryptablePropertySourceWrapper
[10:27:06:451] [INFO] - com.ulisesbocchio.jasyptspringboot.EncryptablePropertySourceConverter.makeEncryptable(EncryptablePropertySourceConverter.java:38) - Converting PropertySource servletContextInitParams [org.springframework.core.env.PropertySource$StubPropertySource] to EncryptablePropertySourceWrapper
[10:27:06:452] [INFO] - com.ulisesbocchio.jasyptspringboot.EncryptablePropertySourceConverter.makeEncryptable(EncryptablePropertySourceConverter.java:38) - Converting PropertySource systemProperties [org.springframework.core.env.MapPropertySource] to EncryptableMapPropertySourceWrapper
[10:27:06:452] [INFO] - com.ulisesbocchio.jasyptspringboot.EncryptablePropertySourceConverter.makeEncryptable(EncryptablePropertySourceConverter.java:38) - Converting PropertySource systemEnvironment [org.springframework.boot.env.SystemEnvironmentPropertySourceEnvironmentPostProcessor$OriginAwareSystemEnvironmentPropertySource] to EncryptableMapPropertySourceWrapper
[10:27:06:452] [INFO] - com.ulisesbocchio.jasyptspringboot.EncryptablePropertySourceConverter.makeEncryptable(EncryptablePropertySourceConverter.java:38) - Converting PropertySource random [org.springframework.boot.env.RandomValuePropertySource] to EncryptablePropertySourceWrapper
[10:27:06:452] [INFO] - com.ulisesbocchio.jasyptspringboot.EncryptablePropertySourceConverter.makeEncryptable(EncryptablePropertySourceConverter.java:38) - Converting PropertySource applicationConfig: [classpath:/application.properties] [org.springframework.boot.env.OriginTrackedMapPropertySource] to EncryptableMapPropertySourceWrapper
[10:27:06:832] [INFO] - com.ulisesbocchio.jasyptspringboot.resolver.DefaultLazyPropertyResolver.lambda$null$2(DefaultLazyPropertyResolver.java:34) - Property Resolver custom Bean not found with name 'encryptablePropertyResolver'. Initializing Default Property Resolver
[10:27:06:833] [INFO] - com.ulisesbocchio.jasyptspringboot.detector.DefaultLazyPropertyDetector.lambda$null$2(DefaultLazyPropertyDetector.java:31) - Property Detector custom Bean not found with name 'encryptablePropertyDetector'. Initializing Default Property Detector
[10:27:07:172] [INFO] - org.apache.juli.logging.DirectJDKLog.log(DirectJDKLog.java:180) - Initializing ProtocolHandler ["http-nio-8888"]
[10:27:07:181] [INFO] - org.apache.juli.logging.DirectJDKLog.log(DirectJDKLog.java:180) - Starting service [Tomcat]
[10:27:07:181] [INFO] - org.apache.juli.logging.DirectJDKLog.log(DirectJDKLog.java:180) - Starting Servlet Engine: Apache Tomcat/8.5.32
[10:27:07:184] [INFO] - org.apache.juli.logging.DirectJDKLog.log(DirectJDKLog.java:180) - The APR based Apache Tomcat Native library which allows optimal performance in production environments was not found on the java.library.path: [/Users/yuhao/Library/Java/Extensions:/Library/Java/Extensions:/Network/Library/Java/Extensions:/System/Library/Java/Extensions:/usr/lib/java:.]
[10:27:07:257] [INFO] - org.apache.juli.logging.DirectJDKLog.log(DirectJDKLog.java:180) - Initializing Spring embedded WebApplicationContext
[10:27:07:465] [INFO] - com.ulisesbocchio.jasyptspringboot.encryptor.DefaultLazyEncryptor.lambda$null$2(DefaultLazyEncryptor.java:33) - String Encryptor custom Bean not found with name 'jasyptStringEncryptor'. Initializing Default String Encryptor
[10:27:07:470] [INFO] - com.ulisesbocchio.jasyptspringboot.encryptor.DefaultLazyEncryptor.getProperty(DefaultLazyEncryptor.java:58) - Encryptor config not found for property jasypt.encryptor.algorithm, using default value: PBEWithMD5AndDES
[10:27:07:470] [INFO] - com.ulisesbocchio.jasyptspringboot.encryptor.DefaultLazyEncryptor.getProperty(DefaultLazyEncryptor.java:58) - Encryptor config not found for property jasypt.encryptor.keyObtentionIterations, using default value: 1000
[10:27:07:470] [INFO] - com.ulisesbocchio.jasyptspringboot.encryptor.DefaultLazyEncryptor.getProperty(DefaultLazyEncryptor.java:58) - Encryptor config not found for property jasypt.encryptor.poolSize, using default value: 1
[10:27:07:471] [INFO] - com.ulisesbocchio.jasyptspringboot.encryptor.DefaultLazyEncryptor.getProperty(DefaultLazyEncryptor.java:58) - Encryptor config not found for property jasypt.encryptor.providerName, using default value: null
[10:27:07:471] [INFO] - com.ulisesbocchio.jasyptspringboot.encryptor.DefaultLazyEncryptor.getProperty(DefaultLazyEncryptor.java:58) - Encryptor config not found for property jasypt.encryptor.saltGeneratorClassname, using default value: org.jasypt.salt.RandomSaltGenerator
[10:27:07:472] [INFO] - com.ulisesbocchio.jasyptspringboot.encryptor.DefaultLazyEncryptor.getProperty(DefaultLazyEncryptor.java:58) - Encryptor config not found for property jasypt.encryptor.stringOutputType, using default value: base64
[10:27:08:780] [INFO] - org.apache.juli.logging.DirectJDKLog.log(DirectJDKLog.java:180) - Starting ProtocolHandler ["http-nio-8888"]
[10:27:08:797] [INFO] - org.apache.juli.logging.DirectJDKLog.log(DirectJDKLog.java:180) - Using a shared selector for servlet write/read
[10:27:08:812] [INFO] - org.springframework.boot.StartupInfoLogger.logStarted(StartupInfoLogger.java:59) - Started DataAcquisitionApplication in 3.527 seconds (JVM running for 4.552)
