[18:03:12:291] [ERROR] - org.springframework.boot.context.logging.LoggingApplicationListener.setLogLevel(LoggingApplicationListener.java:317) - Cannot set level: .server.mapper=info for 'com.dc.acquisition.model'
[18:03:12:390] [INFO] - org.springframework.boot.StartupInfoLogger.logStarting(StartupInfoLogger.java:50) - Starting DataAcquisitionApplication on yuhao-mbp.local with PID 4895 (/Users/yuhao/eclipse-workspace/data-acquisition/target/classes started by yuhao in /Users/yuhao/eclipse-workspace/data-acquisition)
[18:03:12:391] [INFO] - org.springframework.boot.SpringApplication.logStartupProfileInfo(SpringApplication.java:662) - No active profile set, falling back to default profiles: default
[18:03:13:143] [INFO] - com.ulisesbocchio.jasyptspringboot.configuration.EnableEncryptablePropertiesBeanFactoryPostProcessor.postProcessBeanFactory(EnableEncryptablePropertiesBeanFactoryPostProcessor.java:48) - Post-processing PropertySource instances
[18:03:13:204] [INFO] - com.ulisesbocchio.jasyptspringboot.EncryptablePropertySourceConverter.makeEncryptable(EncryptablePropertySourceConverter.java:38) - Converting PropertySource configurationProperties [org.springframework.boot.context.properties.source.ConfigurationPropertySourcesPropertySource] to AOP Proxy
[18:03:13:204] [INFO] - com.ulisesbocchio.jasyptspringboot.EncryptablePropertySourceConverter.makeEncryptable(EncryptablePropertySourceConverter.java:38) - Converting PropertySource servletConfigInitParams [org.springframework.core.env.PropertySource$StubPropertySource] to EncryptablePropertySourceWrapper
[18:03:13:204] [INFO] - com.ulisesbocchio.jasyptspringboot.EncryptablePropertySourceConverter.makeEncryptable(EncryptablePropertySourceConverter.java:38) - Converting PropertySource servletContextInitParams [org.springframework.core.env.PropertySource$StubPropertySource] to EncryptablePropertySourceWrapper
[18:03:13:205] [INFO] - com.ulisesbocchio.jasyptspringboot.EncryptablePropertySourceConverter.makeEncryptable(EncryptablePropertySourceConverter.java:38) - Converting PropertySource systemProperties [org.springframework.core.env.MapPropertySource] to EncryptableMapPropertySourceWrapper
[18:03:13:205] [INFO] - com.ulisesbocchio.jasyptspringboot.EncryptablePropertySourceConverter.makeEncryptable(EncryptablePropertySourceConverter.java:38) - Converting PropertySource systemEnvironment [org.springframework.boot.env.SystemEnvironmentPropertySourceEnvironmentPostProcessor$OriginAwareSystemEnvironmentPropertySource] to EncryptableMapPropertySourceWrapper
[18:03:13:206] [INFO] - com.ulisesbocchio.jasyptspringboot.EncryptablePropertySourceConverter.makeEncryptable(EncryptablePropertySourceConverter.java:38) - Converting PropertySource random [org.springframework.boot.env.RandomValuePropertySource] to EncryptablePropertySourceWrapper
[18:03:13:206] [INFO] - com.ulisesbocchio.jasyptspringboot.EncryptablePropertySourceConverter.makeEncryptable(EncryptablePropertySourceConverter.java:38) - Converting PropertySource applicationConfig: [classpath:/application.properties] [org.springframework.boot.env.OriginTrackedMapPropertySource] to EncryptableMapPropertySourceWrapper
[18:03:13:575] [INFO] - com.ulisesbocchio.jasyptspringboot.resolver.DefaultLazyPropertyResolver.lambda$null$2(DefaultLazyPropertyResolver.java:34) - Property Resolver custom Bean not found with name 'encryptablePropertyResolver'. Initializing Default Property Resolver
[18:03:13:576] [INFO] - com.ulisesbocchio.jasyptspringboot.detector.DefaultLazyPropertyDetector.lambda$null$2(DefaultLazyPropertyDetector.java:31) - Property Detector custom Bean not found with name 'encryptablePropertyDetector'. Initializing Default Property Detector
[18:03:13:948] [INFO] - org.apache.juli.logging.DirectJDKLog.log(DirectJDKLog.java:180) - Initializing ProtocolHandler ["http-nio-8888"]
[18:03:13:956] [INFO] - org.apache.juli.logging.DirectJDKLog.log(DirectJDKLog.java:180) - Starting service [Tomcat]
[18:03:13:956] [INFO] - org.apache.juli.logging.DirectJDKLog.log(DirectJDKLog.java:180) - Starting Servlet Engine: Apache Tomcat/8.5.32
[18:03:13:959] [INFO] - org.apache.juli.logging.DirectJDKLog.log(DirectJDKLog.java:180) - The APR based Apache Tomcat Native library which allows optimal performance in production environments was not found on the java.library.path: [/Users/yuhao/Library/Java/Extensions:/Library/Java/Extensions:/Network/Library/Java/Extensions:/System/Library/Java/Extensions:/usr/lib/java:.]
[18:03:14:036] [INFO] - org.apache.juli.logging.DirectJDKLog.log(DirectJDKLog.java:180) - Initializing Spring embedded WebApplicationContext
[18:03:14:196] [INFO] - com.ulisesbocchio.jasyptspringboot.encryptor.DefaultLazyEncryptor.lambda$null$2(DefaultLazyEncryptor.java:33) - String Encryptor custom Bean not found with name 'jasyptStringEncryptor'. Initializing Default String Encryptor
[18:03:14:202] [INFO] - com.ulisesbocchio.jasyptspringboot.encryptor.DefaultLazyEncryptor.getProperty(DefaultLazyEncryptor.java:58) - Encryptor config not found for property jasypt.encryptor.algorithm, using default value: PBEWithMD5AndDES
[18:03:14:202] [INFO] - com.ulisesbocchio.jasyptspringboot.encryptor.DefaultLazyEncryptor.getProperty(DefaultLazyEncryptor.java:58) - Encryptor config not found for property jasypt.encryptor.keyObtentionIterations, using default value: 1000
[18:03:14:203] [INFO] - com.ulisesbocchio.jasyptspringboot.encryptor.DefaultLazyEncryptor.getProperty(DefaultLazyEncryptor.java:58) - Encryptor config not found for property jasypt.encryptor.poolSize, using default value: 1
[18:03:14:203] [INFO] - com.ulisesbocchio.jasyptspringboot.encryptor.DefaultLazyEncryptor.getProperty(DefaultLazyEncryptor.java:58) - Encryptor config not found for property jasypt.encryptor.providerName, using default value: null
[18:03:14:203] [INFO] - com.ulisesbocchio.jasyptspringboot.encryptor.DefaultLazyEncryptor.getProperty(DefaultLazyEncryptor.java:58) - Encryptor config not found for property jasypt.encryptor.saltGeneratorClassname, using default value: org.jasypt.salt.RandomSaltGenerator
[18:03:14:204] [INFO] - com.ulisesbocchio.jasyptspringboot.encryptor.DefaultLazyEncryptor.getProperty(DefaultLazyEncryptor.java:58) - Encryptor config not found for property jasypt.encryptor.stringOutputType, using default value: base64
[18:03:15:430] [INFO] - org.apache.juli.logging.DirectJDKLog.log(DirectJDKLog.java:180) - Starting ProtocolHandler ["http-nio-8888"]
[18:03:15:446] [INFO] - org.apache.juli.logging.DirectJDKLog.log(DirectJDKLog.java:180) - Using a shared selector for servlet write/read
[18:03:15:462] [INFO] - org.springframework.boot.StartupInfoLogger.logStarted(StartupInfoLogger.java:59) - Started DataAcquisitionApplication in 3.346 seconds (JVM running for 4.35)
[18:03:30:959] [INFO] - org.apache.juli.logging.DirectJDKLog.log(DirectJDKLog.java:180) - Initializing Spring FrameworkServlet 'dispatcherServlet'
